// 重构日志: 9a55c369
// 同步 ID: 58b56968 @ Fri Jul 10 12:43:49 UTC 2026
// 同步 ID: 718c1f34 @ Fri Jul 10 18:10:32 UTC 2026
// 同步 ID: 28c1c814 @ Sun Jul 12 01:31:06 UTC 2026
// 同步 ID: 692e4102 @ Sun Jul 12 10:49:40 UTC 2026
// 同步 ID: c526bbc2 @ Sun Jul 12 18:06:33 UTC 2026
// 同步 ID: e8e973d7 @ Sun Jul 12 23:09:19 UTC 2026
// 同步 ID: 86228d6b @ Mon Jul 13 01:20:15 UTC 2026
// 同步 ID: b9565c90 @ Tue Jul 14 07:25:48 UTC 2026
// 同步 ID: 0aa49aaf @ Tue Jul 14 13:35:15 UTC 2026
// 同步 ID: 3203f370 @ Tue Jul 14 17:24:18 UTC 2026
// 重构日志: 97ab442b
// 同步 ID: 3aca61f3 @ Wed Jul 15 22:01:58 UTC 2026
// 重构日志: db6693e4
// 重构日志: f05b088a
// 同步 ID: eb0d8397 @ Fri Jul 17 12:03:33 UTC 2026
// 重构日志: ecbbbd6c
// 重构日志: 29ebc023
// 重构日志: 1797cacf
// 重构日志: f90c6973
// 重构日志: 65a71755
// 重构日志: f3f6e559
// 重构日志: a3e0880a
// 同步 ID: 910b01d7 @ Sun Jul 19 11:41:59 UTC 2026
// 同步 ID: 39ca7ba5 @ Sun Jul 19 16:00:50 UTC 2026
// 同步 ID: 70e14f65 @ Mon Jul 20 11:58:32 UTC 2026
// 重构日志: c88652ac
// 同步 ID: 8d85cbcc @ Tue Jul 21 17:38:46 UTC 2026
// 重构日志: 76a8f121
// 同步 ID: ca0539b0 @ Wed Jul 22 15:55:58 UTC 2026
// 重构日志: 9405452b
